c:\users\50120\desktop\graduate\abaqusreader\abaqusreader\x64\debug\vc142.pdb
c:\users\50120\desktop\graduate\abaqusreader\abaqusreader\x64\debug\vc142.idb
c:\users\50120\desktop\graduate\abaqusreader\abaqusreader\x64\debug\attachattr.obj
c:\users\50120\desktop\graduate\abaqusreader\abaqusreader\x64\debug\abaqustodepart.obj
c:\users\50120\desktop\graduate\abaqusreader\abaqusreader\x64\debug\abaqusreader.obj
c:\users\50120\desktop\graduate\abaqusreader\abaqusreader\x64\debug\attachtovtk.obj
c:\users\50120\desktop\graduate\abaqusreader\abaqusreader\x64\debug\souptodiv.obj
c:\users\50120\desktop\graduate\abaqusreader\abaqusreader\x64\debug\prime.obj
c:\users\50120\desktop\graduate\abaqusreader\abaqusreader\x64\debug\divtovtk.obj
c:\users\50120\desktop\graduate\abaqusreader\abaqusreader\x64\debug\vtkaddkey.obj
c:\users\50120\desktop\graduate\abaqusreader\abaqusreader\x64\debug\attachtosoup.obj
c:\users\50120\desktop\graduate\abaqusreader\abaqusreader\x64\debug\externalsort.obj
c:\users\50120\desktop\graduate\abaqusreader\abaqusreader\x64\debug\dereference.obj
c:\users\50120\desktop\graduate\abaqusreader\x64\debug\abaqusreader.exe
c:\users\50120\desktop\graduate\abaqusreader\abaqusreader\x64\debug\abaqusreader.ilk
c:\users\50120\desktop\graduate\abaqusreader\x64\debug\abaqusreader.pdb
c:\users\50120\desktop\graduate\abaqusreader\abaqusreader\x64\debug\abaqusreader.tlog\cl.command.1.tlog
c:\users\50120\desktop\graduate\abaqusreader\abaqusreader\x64\debug\abaqusreader.tlog\cl.read.1.tlog
c:\users\50120\desktop\graduate\abaqusreader\abaqusreader\x64\debug\abaqusreader.tlog\cl.write.1.tlog
c:\users\50120\desktop\graduate\abaqusreader\abaqusreader\x64\debug\abaqusreader.tlog\link.command.1.tlog
c:\users\50120\desktop\graduate\abaqusreader\abaqusreader\x64\debug\abaqusreader.tlog\link.read.1.tlog
c:\users\50120\desktop\graduate\abaqusreader\abaqusreader\x64\debug\abaqusreader.tlog\link.write.1.tlog
